# JRE version: OpenJDK Runtime Environment Temurin-17.0.7+7 (17.0.7+7) (build 17.0.7+7)
# Java VM: OpenJDK 64-Bit Server VM Temurin-17.0.7+7 (17.0.7+7, mixed mode, sharing, tiered, compressed oops, compressed class ptrs, g1 gc, windows-amd64)
GC Precious Log:
 CPUs: 4 total, 4 available
 Memory: 8060M
 Large Page Support: Disabled
 NUMA Support: Disabled
 Compressed Oops: Enabled (Zero based)
 Heap Region Size: 2M
 Heap Min Capacity: 512M
 Heap Initial Capacity: 512M
 Heap Max Capacity: 4072M
 Pre-touch: Disabled
 Parallel Workers: 4
 Concurrent Workers: 1
 Concurrent Refinement Workers: 4
 Periodic GC: Disabled
 String Deduplication is enabled
Heap:
 garbage-first heap   total 524288K, used 190929K [0x0000000701800000, 0x0000000800000000)
  region size 2048K, 33 young (67584K), 1 survivors (2048K)
 Metaspace       used 89290K, committed 90048K, reserved 1179648K
  class space    used 12742K, committed 13120K, reserved 1048576K
GC Heap History (20 events):
Event: 638.640 GC heap before
{Heap before GC invocations=81 (full 7):
 garbage-first heap   total 524288K, used 204463K [0x0000000701800000, 0x0000000800000000)
  region size 2048K, 40 young (81920K), 3 survivors (6144K)
 Metaspace       used 89102K, committed 89856K, reserved 1179648K
  class space    used 12742K, committed 13120K, reserved 1048576K
}
Event: 638.646 GC heap after
{Heap after GC invocations=82 (full 7):
 garbage-first heap   total 524288K, used 127114K [0x0000000701800000, 0x0000000800000000)
  region size 2048K, 2 young (4096K), 2 survivors (4096K)
 Metaspace       used 89102K, committed 89856K, reserved 1179648K
  class space    used 12742K, committed 13120K, reserved 1048576K
}
Event: 639.175 GC heap before
{Heap before GC invocations=82 (full 7):
 garbage-first heap   total 524288K, used 204938K [0x0000000701800000, 0x0000000800000000)
  region size 2048K, 40 young (81920K), 2 survivors (4096K)
 Metaspace       used 89124K, committed 89920K, reserved 1179648K
  class space    used 12742K, committed 13120K, reserved 1048576K
}
Event: 639.183 GC heap after
{Heap after GC invocations=83 (full 7):
 garbage-first heap   total 524288K, used 127723K [0x0000000701800000, 0x0000000800000000)
  region size 2048K, 2 young (4096K), 2 survivors (4096K)
 Metaspace       used 89124K, committed 89920K, reserved 1179648K
  class space    used 12742K, committed 13120K, reserved 1048576K
}
Event: 640.657 GC heap before
{Heap before GC invocations=83 (full 7):
 garbage-first heap   total 524288K, used 205547K [0x0000000701800000, 0x0000000800000000)
  region size 2048K, 40 young (81920K), 2 survivors (4096K)
 Metaspace       used 89132K, committed 89920K, reserved 1179648K
  class space    used 12742K, committed 13120K, reserved 1048576K
}
Event: 640.662 GC heap after
{Heap after GC invocations=84 (full 7):
 garbage-first heap   total 524288K, used 127201K [0x0000000701800000, 0x0000000800000000)
  region size 2048K, 2 young (4096K), 2 survivors (4096K)
 Metaspace       used 89132K, committed 89920K, reserved 1179648K
  class space    used 12742K, committed 13120K, reserved 1048576K
}
Event: 640.830 GC heap before
{Heap before GC invocations=84 (full 7):
 garbage-first heap   total 524288K, used 205025K [0x0000000701800000, 0x0000000800000000)
  region size 2048K, 40 young (81920K), 2 survivors (4096K)
 Metaspace       used 89132K, committed 89920K, reserved 1179648K
  class space    used 12742K, committed 13120K, reserved 1048576K
}
Event: 640.835 GC heap after
{Heap after GC invocations=85 (full 7):
 garbage-first heap   total 524288K, used 127170K [0x0000000701800000, 0x0000000800000000)
  region size 2048K, 2 young (4096K), 2 survivors (4096K)
 Metaspace       used 89132K, committed 89920K, reserved 1179648K
  class space    used 12742K, committed 13120K, reserved 1048576K
}
Event: 642.986 GC heap before
{Heap before GC invocations=85 (full 7):
 garbage-first heap   total 524288K, used 204994K [0x0000000701800000, 0x0000000800000000)
  region size 2048K, 40 young (81920K), 2 survivors (4096K)
 Metaspace       used 89143K, committed 89920K, reserved 1179648K
  class space    used 12742K, committed 13120K, reserved 1048576K
}
Event: 642.992 GC heap after
{Heap after GC invocations=86 (full 7):
 garbage-first heap   total 524288K, used 127876K [0x0000000701800000, 0x0000000800000000)
  region size 2048K, 2 young (4096K), 2 survivors (4096K)
 Metaspace       used 89143K, committed 89920K, reserved 1179648K
  class space    used 12742K, committed 13120K, reserved 1048576K
}
Event: 644.217 GC heap before
{Heap before GC invocations=86 (full 7):
 garbage-first heap   total 524288K, used 205700K [0x0000000701800000, 0x0000000800000000)
  region size 2048K, 40 young (81920K), 2 survivors (4096K)
 Metaspace       used 89158K, committed 89920K, reserved 1179648K
  class space    used 12742K, committed 13120K, reserved 1048576K
}
Event: 644.222 GC heap after
{Heap after GC invocations=87 (full 7):
 garbage-first heap   total 524288K, used 127419K [0x0000000701800000, 0x0000000800000000)
  region size 2048K, 2 young (4096K), 2 survivors (4096K)
 Metaspace       used 89158K, committed 89920K, reserved 1179648K
  class space    used 12742K, committed 13120K, reserved 1048576K
}
Event: 645.109 GC heap before
{Heap before GC invocations=87 (full 7):
 garbage-first heap   total 524288K, used 205243K [0x0000000701800000, 0x0000000800000000)
  region size 2048K, 40 young (81920K), 2 survivors (4096K)
 Metaspace       used 89191K, committed 89920K, reserved 1179648K
  class space    used 12742K, committed 13120K, reserved 1048576K
}
Event: 645.114 GC heap after
{Heap after GC invocations=88 (full 7):
 garbage-first heap   total 524288K, used 128629K [0x0000000701800000, 0x0000000800000000)
  region size 2048K, 2 young (4096K), 2 survivors (4096K)
 Metaspace       used 89191K, committed 89920K, reserved 1179648K
  class space    used 12742K, committed 13120K, reserved 1048576K
}
Event: 647.192 GC heap before
{Heap before GC invocations=88 (full 7):
 garbage-first heap   total 524288K, used 206453K [0x0000000701800000, 0x0000000800000000)
  region size 2048K, 40 young (81920K), 2 survivors (4096K)
 Metaspace       used 89202K, committed 89984K, reserved 1179648K
  class space    used 12742K, committed 13120K, reserved 1048576K
}
Event: 647.198 GC heap after
{Heap after GC invocations=89 (full 7):
 garbage-first heap   total 524288K, used 127903K [0x0000000701800000, 0x0000000800000000)
  region size 2048K, 2 young (4096K), 2 survivors (4096K)
 Metaspace       used 89202K, committed 89984K, reserved 1179648K
  class space    used 12742K, committed 13120K, reserved 1048576K
}
Event: 653.017 GC heap before
{Heap before GC invocations=89 (full 7):
 garbage-first heap   total 524288K, used 205727K [0x0000000701800000, 0x0000000800000000)
  region size 2048K, 40 young (81920K), 2 survivors (4096K)
 Metaspace       used 89255K, committed 90048K, reserved 1179648K
  class space    used 12742K, committed 13120K, reserved 1048576K
}
Event: 653.022 GC heap after
{Heap after GC invocations=90 (full 7):
 garbage-first heap   total 524288K, used 128269K [0x0000000701800000, 0x0000000800000000)
  region size 2048K, 2 young (4096K), 2 survivors (4096K)
 Metaspace       used 89255K, committed 90048K, reserved 1179648K
  class space    used 12742K, committed 13120K, reserved 1048576K
}
Event: 655.449 GC heap before
{Heap before GC invocations=90 (full 7):
 garbage-first heap   total 524288K, used 206093K [0x0000000701800000, 0x0000000800000000)
  region size 2048K, 40 young (81920K), 2 survivors (4096K)
 Metaspace       used 89266K, committed 90048K, reserved 1179648K
  class space    used 12742K, committed 13120K, reserved 1048576K
}
Event: 655.453 GC heap after
{Heap after GC invocations=91 (full 7):
 garbage-first heap   total 524288K, used 127441K [0x0000000701800000, 0x0000000800000000)
  region size 2048K, 1 young (2048K), 1 survivors (2048K)
 Metaspace       used 89266K, committed 90048K, reserved 1179648K
  class space    used 12742K, committed 13120K, reserved 1048576K
}

