# JRE version: OpenJDK Runtime Environment Temurin-17.0.7+7 (17.0.7+7) (build 17.0.7+7)
# Java VM: OpenJDK 64-Bit Server VM Temurin-17.0.7+7 (17.0.7+7, mixed mode, sharing, tiered, compressed oops, compressed class ptrs, g1 gc, windows-amd64)
GC Precious Log:
 CPUs: 4 total, 4 available
 Memory: 8060M
 Large Page Support: Disabled
 NUMA Support: Disabled
 Compressed Oops: Enabled (Zero based)
 Heap Region Size: 2M
 Heap Min Capacity: 512M
 Heap Initial Capacity: 512M
 Heap Max Capacity: 4072M
 Pre-touch: Disabled
 Parallel Workers: 4
 Concurrent Workers: 1
 Concurrent Refinement Workers: 4
 Periodic GC: Disabled
 String Deduplication is enabled
Heap:
 garbage-first heap   total 524288K, used 192085K [0x0000000701800000, 0x0000000800000000)
  region size 2048K, 31 young (63488K), 2 survivors (4096K)
 Metaspace       used 94502K, committed 95296K, reserved 1179648K
  class space    used 12793K, committed 13184K, reserved 1048576K
GC Heap History (20 events):
Event: 1357.820 GC heap before
{Heap before GC invocations=187 (full 104):
 garbage-first heap   total 524288K, used 159019K [0x0000000701800000, 0x0000000800000000)
  region size 2048K, 6 young (12288K), 0 survivors (0K)
 Metaspace       used 94486K, committed 95296K, reserved 1179648K
  class space    used 12793K, committed 13184K, reserved 1048576K
}
Event: 1357.936 GC heap after
{Heap after GC invocations=188 (full 105):
 garbage-first heap   total 524288K, used 130421K [0x0000000701800000, 0x0000000800000000)
  region size 2048K, 0 young (0K), 0 survivors (0K)
 Metaspace       used 94486K, committed 95296K, reserved 1179648K
  class space    used 12793K, committed 13184K, reserved 1048576K
}
Event: 1358.273 GC heap before
{Heap before GC invocations=188 (full 105):
 garbage-first heap   total 524288K, used 159093K [0x0000000701800000, 0x0000000800000000)
  region size 2048K, 6 young (12288K), 0 survivors (0K)
 Metaspace       used 94486K, committed 95296K, reserved 1179648K
  class space    used 12793K, committed 13184K, reserved 1048576K
}
Event: 1358.389 GC heap after
{Heap after GC invocations=189 (full 106):
 garbage-first heap   total 524288K, used 130434K [0x0000000701800000, 0x0000000800000000)
  region size 2048K, 0 young (0K), 0 survivors (0K)
 Metaspace       used 94486K, committed 95296K, reserved 1179648K
  class space    used 12793K, committed 13184K, reserved 1048576K
}
Event: 1358.752 GC heap before
{Heap before GC invocations=189 (full 106):
 garbage-first heap   total 524288K, used 159106K [0x0000000701800000, 0x0000000800000000)
  region size 2048K, 6 young (12288K), 0 survivors (0K)
 Metaspace       used 94486K, committed 95296K, reserved 1179648K
  class space    used 12793K, committed 13184K, reserved 1048576K
}
Event: 1358.867 GC heap after
{Heap after GC invocations=190 (full 107):
 garbage-first heap   total 524288K, used 130437K [0x0000000701800000, 0x0000000800000000)
  region size 2048K, 0 young (0K), 0 survivors (0K)
 Metaspace       used 94486K, committed 95296K, reserved 1179648K
  class space    used 12793K, committed 13184K, reserved 1048576K
}
Event: 1359.208 GC heap before
{Heap before GC invocations=190 (full 107):
 garbage-first heap   total 524288K, used 159109K [0x0000000701800000, 0x0000000800000000)
  region size 2048K, 6 young (12288K), 0 survivors (0K)
 Metaspace       used 94486K, committed 95296K, reserved 1179648K
  class space    used 12793K, committed 13184K, reserved 1048576K
}
Event: 1359.324 GC heap after
{Heap after GC invocations=191 (full 108):
 garbage-first heap   total 524288K, used 130430K [0x0000000701800000, 0x0000000800000000)
  region size 2048K, 0 young (0K), 0 survivors (0K)
 Metaspace       used 94486K, committed 95296K, reserved 1179648K
  class space    used 12793K, committed 13184K, reserved 1048576K
}
Event: 1359.671 GC heap before
{Heap before GC invocations=191 (full 108):
 garbage-first heap   total 524288K, used 159102K [0x0000000701800000, 0x0000000800000000)
  region size 2048K, 6 young (12288K), 0 survivors (0K)
 Metaspace       used 94486K, committed 95296K, reserved 1179648K
  class space    used 12793K, committed 13184K, reserved 1048576K
}
Event: 1359.785 GC heap after
{Heap after GC invocations=192 (full 109):
 garbage-first heap   total 524288K, used 130433K [0x0000000701800000, 0x0000000800000000)
  region size 2048K, 0 young (0K), 0 survivors (0K)
 Metaspace       used 94486K, committed 95296K, reserved 1179648K
  class space    used 12793K, committed 13184K, reserved 1048576K
}
Event: 1360.154 GC heap before
{Heap before GC invocations=192 (full 109):
 garbage-first heap   total 524288K, used 159105K [0x0000000701800000, 0x0000000800000000)
  region size 2048K, 6 young (12288K), 0 survivors (0K)
 Metaspace       used 94486K, committed 95296K, reserved 1179648K
  class space    used 12793K, committed 13184K, reserved 1048576K
}
Event: 1360.268 GC heap after
{Heap after GC invocations=193 (full 110):
 garbage-first heap   total 524288K, used 130379K [0x0000000701800000, 0x0000000800000000)
  region size 2048K, 0 young (0K), 0 survivors (0K)
 Metaspace       used 94486K, committed 95296K, reserved 1179648K
  class space    used 12793K, committed 13184K, reserved 1048576K
}
Event: 1360.683 GC heap before
{Heap before GC invocations=193 (full 110):
 garbage-first heap   total 524288K, used 157003K [0x0000000701800000, 0x0000000800000000)
  region size 2048K, 5 young (10240K), 0 survivors (0K)
 Metaspace       used 94486K, committed 95296K, reserved 1179648K
  class space    used 12793K, committed 13184K, reserved 1048576K
}
Event: 1360.798 GC heap after
{Heap after GC invocations=194 (full 111):
 garbage-first heap   total 524288K, used 130316K [0x0000000701800000, 0x0000000800000000)
  region size 2048K, 0 young (0K), 0 survivors (0K)
 Metaspace       used 94486K, committed 95296K, reserved 1179648K
  class space    used 12793K, committed 13184K, reserved 1048576K
}
Event: 1361.155 GC heap before
{Heap before GC invocations=194 (full 111):
 garbage-first heap   total 524288K, used 156940K [0x0000000701800000, 0x0000000800000000)
  region size 2048K, 5 young (10240K), 0 survivors (0K)
 Metaspace       used 94487K, committed 95296K, reserved 1179648K
  class space    used 12793K, committed 13184K, reserved 1048576K
}
Event: 1361.263 GC heap after
{Heap after GC invocations=195 (full 112):
 garbage-first heap   total 524288K, used 130248K [0x0000000701800000, 0x0000000800000000)
  region size 2048K, 0 young (0K), 0 survivors (0K)
 Metaspace       used 94487K, committed 95296K, reserved 1179648K
  class space    used 12793K, committed 13184K, reserved 1048576K
}
Event: 1368.975 GC heap before
{Heap before GC invocations=195 (full 112):
 garbage-first heap   total 524288K, used 150728K [0x0000000701800000, 0x0000000800000000)
  region size 2048K, 11 young (22528K), 0 survivors (0K)
 Metaspace       used 94489K, committed 95296K, reserved 1179648K
  class space    used 12793K, committed 13184K, reserved 1048576K
}
Event: 1369.083 GC heap after
{Heap after GC invocations=196 (full 113):
 garbage-first heap   total 524288K, used 130245K [0x0000000701800000, 0x0000000800000000)
  region size 2048K, 0 young (0K), 0 survivors (0K)
 Metaspace       used 94489K, committed 95296K, reserved 1179648K
  class space    used 12793K, committed 13184K, reserved 1048576K
}
Event: 1378.736 GC heap before
{Heap before GC invocations=196 (full 113):
 garbage-first heap   total 524288K, used 214213K [0x0000000701800000, 0x0000000800000000)
  region size 2048K, 40 young (81920K), 0 survivors (0K)
 Metaspace       used 94492K, committed 95296K, reserved 1179648K
  class space    used 12793K, committed 13184K, reserved 1048576K
}
Event: 1378.742 GC heap after
{Heap after GC invocations=197 (full 113):
 garbage-first heap   total 524288K, used 134741K [0x0000000701800000, 0x0000000800000000)
  region size 2048K, 2 young (4096K), 2 survivors (4096K)
 Metaspace       used 94492K, committed 95296K, reserved 1179648K
  class space    used 12793K, committed 13184K, reserved 1048576K
}

